<?xml version="1.0" encoding="UTF-8"?>
<testng-results ignored="0" total="2" passed="2" failed="0" skipped="0">
  <reporter-output>
  </reporter-output>
  <suite started-at="2023-08-25T20:04:47 IST" name="Default suite" finished-at="2023-08-25T20:04:47 IST" duration-ms="87">
    <groups>
    </groups>
    <test started-at="2023-08-25T20:04:47 IST" name="Default test" finished-at="2023-08-25T20:04:47 IST" duration-ms="87">
      <class name="day37_TestNG1_Introduction.TestClass">
        <test-method is-config="true" signature="openBrowser()[pri:0, instance:day37_TestNG1_Introduction.TestClass@4b741d6d]" started-at="2023-08-25T20:04:47 IST" name="openBrowser" finished-at="2023-08-25T20:04:47 IST" duration-ms="12" status="PASS">
          <reporter-output>
          </reporter-output>
        </test-method> <!-- openBrowser -->
        <test-method signature="login()[pri:2, instance:day37_TestNG1_Introduction.TestClass@4b741d6d]" started-at="2023-08-25T20:04:47 IST" name="login" finished-at="2023-08-25T20:04:47 IST" duration-ms="7" status="PASS">
          <reporter-output>
          </reporter-output>
        </test-method> <!-- login -->
        <test-method signature="logout()[pri:3, instance:day37_TestNG1_Introduction.TestClass@4b741d6d]" started-at="2023-08-25T20:04:47 IST" name="logout" finished-at="2023-08-25T20:04:47 IST" duration-ms="2" status="PASS">
          <reporter-output>
          </reporter-output>
        </test-method> <!-- logout -->
        <test-method is-config="true" signature="closeBrowser()[pri:0, instance:day37_TestNG1_Introduction.TestClass@4b741d6d]" started-at="2023-08-25T20:04:47 IST" name="closeBrowser" finished-at="2023-08-25T20:04:47 IST" duration-ms="2" status="PASS">
          <reporter-output>
          </reporter-output>
        </test-method> <!-- closeBrowser -->
      </class> <!-- day37_TestNG1_Introduction.TestClass -->
    </test> <!-- Default test -->
  </suite> <!-- Default suite -->
</testng-results>
